Process 0 start: 2, end: 3125001
Process 16 start: 50000002, end: 53125001
Process 8 start: 25000002, end: 28125001
Process 3 start: 9375002, end: 12500001
Process 4 start: 12500002, end: 15625001
Process 5 start: 15625002, end: 18750001
Process 6 start: 18750002, end: 21875001
Process 7 start: 21875002, end: 25000001
Process 9 start: 28125002, end: 31250001
Process 10 start: 31250002, end: 34375001
Process 11 start: 34375002, end: 37500001
Process 12 start: 37500002, end: 40625001
Process 13 start: 40625002, end: 43750001
Process 14 start: 43750002, end: 46875001
Process 15 start: 46875002, end: 50000001
Process 17 start: 53125002, end: 56250001
Process 18 start: 56250002, end: 59375001
Process 19 start: 59375002, end: 62500001
Process 20 start: 62500002, end: 65625001
Process 21 start: 65625002, end: 68750001
Process 22 start: 68750002, end: 71875001
Process 23 start: 71875002, end: 75000001
Process 24 start: 75000002, end: 78125001
Process 25 start: 78125002, end: 81250001
Process 26 start: 81250002, end: 84375001
Process 27 start: 84375002, end: 87500001
Process 28 start: 87500002, end: 90625001
Process 29 start: 90625002, end: 93750001
Process 30 start: 93750002, end: 96875001
Process 31 start: 96875002, end: 100000000
Process 1 start: 3125002, end: 6250001
Process 2 start: 6250002, end: 9375001
Process: 0 largestGap: 148 timeSpent: 5290000
Process: 1 largestGap: 154 timeSpent: 5240000
Process: 2 largestGap: 152 timeSpent: 5070000
Process: 3 largestGap: 154 timeSpent: 5060000
Process: 4 largestGap: 154 timeSpent: 5090000
Process: 5 largestGap: 180 timeSpent: 5200000
Process: 6 largestGap: 210 timeSpent: 5280000
Process: 7 largestGap: 150 timeSpent: 5190000
Process: 8 largestGap: 170 timeSpent: 4990000
Process: 9 largestGap: 146 timeSpent: 5070000
Process: 10 largestGap: 160 timeSpent: 4940000
Process: 11 largestGap: 182 timeSpent: 5230000
Process: 12 largestGap: 178 timeSpent: 5250000
Process: 13 largestGap: 168 timeSpent: 5120000
Process: 14 largestGap: 198 timeSpent: 5100000
Process: 15 largestGap: 220 timeSpent: 5090000
Process: 16 largestGap: 174 timeSpent: 4870000
Process: 17 largestGap: 178 timeSpent: 5030000
Process: 18 largestGap: 176 timeSpent: 5000000
Process: 19 largestGap: 178 timeSpent: 5010000
Process: 20 largestGap: 170 timeSpent: 4860000
Process: 21 largestGap: 160 timeSpent: 5060000
Process: 22 largestGap: 196 timeSpent: 5170000
Process: 23 largestGap: 176 timeSpent: 5140000
Process: 24 largestGap: 162 timeSpent: 5180000
Process: 25 largestGap: 184 timeSpent: 5210000
Process: 26 largestGap: 168 timeSpent: 5020000
Process: 27 largestGap: 170 timeSpent: 4860000
Process: 28 largestGap: 210 timeSpent: 5010000
Process: 29 largestGap: 180 timeSpent: 5000000
Process: 30 largestGap: 162 timeSpent: 4720000
Process: 31 largestGap: 176 timeSpent: 4830000


Largest gap overall: 220
--- SharcNET Job Epilogue ---
Job completed successfully.
               jobid: 613448
         exit status: 0
      allocated time: 241.29931
           user time: 165.78
         system time: 2.94
peak rss=491831296; peak vsz=491831296 (bytes)
atime=241.29931; utime=165.78; stime=2.94; exit=0
Process 1 start: 3125002, end: 6250001
Process 2 start: 6250002, end: 9375001
Process 4 start: 12500002, end: 15625001
Process 5 start: 15625002, end: 18750001
Process 6 start: 18750002, end: 21875001
Process 8 start: 25000002, end: 28125001
Process 12 start: 37500002, end: 40625001
Process 13 start: 40625002, end: 43750001
Process 14 start: 43750002, end: 46875001
Process 16 start: 50000002, end: 53125001
Process 17 start: 53125002, end: 56250001
Process 18 start: 56250002, end: 59375001
Process 20 start: 62500002, end: 65625001
Process 21 start: 65625002, end: 68750001
Process 22 start: 68750002, end: 71875001
Process 28 start: 87500002, end: 90625001
Process 29 start: 90625002, end: 93750001
Process 30 start: 93750002, end: 96875001
Process 0 start: 2, end: 3125001
Process 9 start: 28125002, end: 31250001
Process 24 start: 75000002, end: 78125001
Process 3 start: 9375002, end: 12500001
Process 7 start: 21875002, end: 25000001
Process 10 start: 31250002, end: 34375001
Process 11 start: 34375002, end: 37500001
Process 15 start: 46875002, end: 50000001
Process 19 start: 59375002, end: 62500001
Process 25 start: 78125002, end: 81250001
Process 26 start: 81250002, end: 84375001
Process 27 start: 84375002, end: 87500001
Process 23 start: 71875002, end: 75000001
Process 31 start: 96875002, end: 100000000
Process: 0 largestGap: 148 timeSpent: 5190000
Process: 1 largestGap: 154 timeSpent: 5020000
Process: 2 largestGap: 152 timeSpent: 4930000
Process: 3 largestGap: 154 timeSpent: 5070000
Process: 4 largestGap: 154 timeSpent: 4970000
Process: 5 largestGap: 180 timeSpent: 5100000
Process: 6 largestGap: 210 timeSpent: 4990000
Process: 7 largestGap: 150 timeSpent: 5000000
Process: 8 largestGap: 170 timeSpent: 4950000
Process: 9 largestGap: 146 timeSpent: 4990000
Process: 10 largestGap: 160 timeSpent: 4970000
Process: 11 largestGap: 182 timeSpent: 5140000
Process: 12 largestGap: 178 timeSpent: 5100000
Process: 13 largestGap: 168 timeSpent: 5010000
Process: 14 largestGap: 198 timeSpent: 4960000
Process: 15 largestGap: 220 timeSpent: 4990000
Process: 16 largestGap: 174 timeSpent: 4890000
Process: 17 largestGap: 178 timeSpent: 4430000
Process: 18 largestGap: 176 timeSpent: 4920000
Process: 19 largestGap: 178 timeSpent: 4880000
Process: 20 largestGap: 170 timeSpent: 4870000
Process: 21 largestGap: 160 timeSpent: 4760000
Process: 22 largestGap: 196 timeSpent: 4930000
Process: 23 largestGap: 176 timeSpent: 5020000
Process: 24 largestGap: 162 timeSpent: 4930000
Process: 25 largestGap: 184 timeSpent: 4970000
Process: 26 largestGap: 168 timeSpent: 4990000
Process: 27 largestGap: 170 timeSpent: 4840000
Process: 28 largestGap: 210 timeSpent: 4910000
Process: 29 largestGap: 180 timeSpent: 4910000
Process: 30 largestGap: 162 timeSpent: 4920000
Process: 31 largestGap: 176 timeSpent: 4890000


Largest gap overall: 220
--- SharcNET Job Epilogue ---
Job completed successfully.
               jobid: 613517
         exit status: 0
      allocated time: 226.28058
           user time: 162.65
         system time: 1.87
peak rss=491876352; peak vsz=491876352 (bytes)
atime=226.28058; utime=162.65; stime=1.87; exit=0
