Process 0 start: 2, end: 5000001
Process 4 start: 20000002, end: 25000001
Process 8 start: 40000002, end: 45000001
Process 16 start: 80000002, end: 85000001
Process 2 start: 10000002, end: 15000001
Process 3 start: 15000002, end: 20000001
Process 6 start: 30000002, end: 35000001
Process 7 start: 35000002, end: 40000001
Process 9 start: 45000002, end: 50000001
Process 11 start: 55000002, end: 60000001
Process 12 start: 60000002, end: 65000001
Process 14 start: 70000002, end: 75000001
Process 15 start: 75000002, end: 80000001
Process 17 start: 85000002, end: 90000001
Process 19 start: 95000002, end: 100000000
Process 1 start: 5000002, end: 10000001
Process 5 start: 25000002, end: 30000001
Process 10 start: 50000002, end: 55000001
Process 13 start: 65000002, end: 70000001
Process 18 start: 90000002, end: 95000001
Process: 0 largestGap: 154 timeSpent: 6770000
Process: 1 largestGap: 152 timeSpent: 7540000
Process: 2 largestGap: 154 timeSpent: 7990000
Process: 3 largestGap: 180 timeSpent: 8060000
Process: 4 largestGap: 210 timeSpent: 6960000
Process: 5 largestGap: 170 timeSpent: 6720000
Process: 6 largestGap: 160 timeSpent: 6990000
Process: 7 largestGap: 182 timeSpent: 6820000
Process: 8 largestGap: 168 timeSpent: 8000000
Process: 9 largestGap: 220 timeSpent: 7330000
Process: 10 largestGap: 178 timeSpent: 6820000
Process: 11 largestGap: 178 timeSpent: 6550000
Process: 12 largestGap: 168 timeSpent: 6840000
Process: 13 largestGap: 178 timeSpent: 6540000
Process: 14 largestGap: 196 timeSpent: 8120000
Process: 15 largestGap: 184 timeSpent: 7480000
Process: 16 largestGap: 170 timeSpent: 6460000
Process: 17 largestGap: 160 timeSpent: 7110000
Process: 18 largestGap: 210 timeSpent: 6180000
Process: 19 largestGap: 176 timeSpent: 7820000


Largest gap overall: 220
--- SharcNET Job Epilogue ---
Job completed successfully.
               jobid: 613514
         exit status: 0
      allocated time: 188.69897
           user time: 149.59
         system time: 0.66
peak rss=380272640; peak vsz=380272640 (bytes)
atime=188.69897; utime=149.59; stime=0.66; exit=0
