Process 14 start: 500000006, end: 535714291
Process 15 start: 535714292, end: 571428577
Process 16 start: 571428578, end: 607142863
Process 17 start: 607142864, end: 642857149
Process 18 start: 642857150, end: 678571435
Process 19 start: 678571436, end: 714285720
Process 20 start: 714285721, end: 750000005
Process 21 start: 750000006, end: 785714290
Process 22 start: 785714291, end: 821428575
Process 23 start: 821428576, end: 857142860
Process 24 start: 857142861, end: 892857145
Process 26 start: 928571431, end: 964285715
Process 27 start: 964285716, end: 1000000000
Process 0 start: 2, end: 35714287
Process 1 start: 35714288, end: 71428573
Process 2 start: 71428574, end: 107142859
Process 3 start: 107142860, end: 142857145
Process 4 start: 142857146, end: 178571431
Process 5 start: 178571432, end: 214285717
Process 6 start: 214285718, end: 250000003
Process 7 start: 250000004, end: 285714289
Process 8 start: 285714290, end: 321428575
Process 10 start: 357142862, end: 392857147
Process 11 start: 392857148, end: 428571433
Process 13 start: 464285720, end: 500000005
Process 12 start: 428571434, end: 464285719
Process 9 start: 321428576, end: 357142861
Process 25 start: 892857146, end: 928571430
Process: 0 largestGap: 210 timeSpent: 58030000
Process: 1 largestGap: 220 timeSpent: 54290000
Process: 2 largestGap: 210 timeSpent: 52530000
Process: 3 largestGap: 222 timeSpent: 55260000
Process: 4 largestGap: 210 timeSpent: 52140000
Process: 5 largestGap: 248 timeSpent: 55410000
Process: 6 largestGap: 236 timeSpent: 55040000
Process: 7 largestGap: 234 timeSpent: 53690000
Process: 8 largestGap: 222 timeSpent: 57160000
Process: 9 largestGap: 218 timeSpent: 55390000
Process: 10 largestGap: 250 timeSpent: 53430000
Process: 11 largestGap: 250 timeSpent: 55800000
Process: 12 largestGap: 282 timeSpent: 52530000
Process: 13 largestGap: 248 timeSpent: 53620000
Process: 14 largestGap: 250 timeSpent: 53760000
Process: 15 largestGap: 246 timeSpent: 54100000
Process: 16 largestGap: 242 timeSpent: 52680000
Process: 17 largestGap: 252 timeSpent: 53170000
Process: 18 largestGap: 276 timeSpent: 55510000
Process: 19 largestGap: 250 timeSpent: 53760000
Process: 20 largestGap: 240 timeSpent: 53600000
Process: 21 largestGap: 234 timeSpent: 55390000
Process: 22 largestGap: 244 timeSpent: 51860000
Process: 23 largestGap: 246 timeSpent: 52280000
Process: 24 largestGap: 224 timeSpent: 54060000
Process: 25 largestGap: 228 timeSpent: 53800000
Process: 26 largestGap: 260 timeSpent: 51890000
Process: 27 largestGap: 242 timeSpent: 50970000


Largest gap overall: 282
--- SharcNET Job Epilogue ---
Job completed successfully.
               jobid: 613506
         exit status: 0
      allocated time: 1714.2607
           user time: 1521.3
         system time: 12.78
peak rss=1073741824; peak vsz=1904095232 (bytes)
atime=1714.2607; utime=1521.3; stime=12.78; exit=0
Process 12 start: 428571434, end: 464285719
Process 18 start: 642857150, end: 678571435
Process 20 start: 714285721, end: 750000005
Process 24 start: 857142861, end: 892857145
Process 0 start: 2, end: 35714287
Process 2 start: 71428574, end: 107142859
Process 4 start: 142857146, end: 178571431
Process 8 start: 285714290, end: 321428575
Process 15 start: 535714292, end: 571428577
Process 16 start: 571428578, end: 607142863
Process 19 start: 678571436, end: 714285720
Process 22 start: 785714291, end: 821428575
Process 1 start: 35714288, end: 71428573
Process 3 start: 107142860, end: 142857145
Process 5 start: 178571432, end: 214285717
Process 6 start: 214285718, end: 250000003
Process 7 start: 250000004, end: 285714289
Process 9 start: 321428576, end: 357142861
Process 10 start: 357142862, end: 392857147
Process 11 start: 392857148, end: 428571433
Process 13 start: 464285720, end: 500000005
Process 17 start: 607142864, end: 642857149
Process 21 start: 750000006, end: 785714290
Process 27 start: 964285716, end: 1000000000
Process 23 start: 821428576, end: 857142860
Process 14 start: 500000006, end: 535714291
Process 26 start: 928571431, end: 964285715
Process 25 start: 892857146, end: 928571430
Process: 0 largestGap: 210 timeSpent: 58520000
Process: 1 largestGap: 220 timeSpent: 56880000
Process: 2 largestGap: 210 timeSpent: 57120000
Process: 3 largestGap: 222 timeSpent: 56550000
Process: 4 largestGap: 210 timeSpent: 57680000
Process: 5 largestGap: 248 timeSpent: 55610000
Process: 6 largestGap: 236 timeSpent: 55190000
Process: 7 largestGap: 234 timeSpent: 56780000
Process: 8 largestGap: 222 timeSpent: 58250000
Process: 9 largestGap: 218 timeSpent: 56730000
Process: 10 largestGap: 250 timeSpent: 56340000
Process: 11 largestGap: 250 timeSpent: 56290000
Process: 12 largestGap: 282 timeSpent: 56460000
Process: 13 largestGap: 248 timeSpent: 54740000
Process: 14 largestGap: 250 timeSpent: 55580000
Process: 15 largestGap: 246 timeSpent: 57670000
Process: 16 largestGap: 242 timeSpent: 57240000
Process: 17 largestGap: 252 timeSpent: 57820000
Process: 18 largestGap: 276 timeSpent: 55340000
Process: 19 largestGap: 250 timeSpent: 55560000
Process: 20 largestGap: 240 timeSpent: 55320000
Process: 21 largestGap: 234 timeSpent: 55030000
Process: 22 largestGap: 244 timeSpent: 55850000
Process: 23 largestGap: 246 timeSpent: 55560000
Process: 24 largestGap: 224 timeSpent: 55890000
Process: 25 largestGap: 228 timeSpent: 56630000
Process: 26 largestGap: 260 timeSpent: 55080000
Process: 27 largestGap: 242 timeSpent: 54300000


Largest gap overall: 282
--- SharcNET Job Epilogue ---
Job completed successfully.
               jobid: 613526
         exit status: 0
      allocated time: 1744.0254
           user time: 1581.86
         system time: 10.75
peak rss=1073741824; peak vsz=1903996928 (bytes)
atime=1744.0254; utime=1581.86; stime=10.75; exit=0
