Process 0 start: 2, end: 62500001
Process 1 start: 62500002, end: 125000001
Process 2 start: 125000002, end: 187500001
Process 3 start: 187500002, end: 250000001
Process 4 start: 250000002, end: 312500001
Process 5 start: 312500002, end: 375000001
Process 8 start: 500000002, end: 562500001
Process 9 start: 562500002, end: 625000001
Process 11 start: 687500002, end: 750000001
Process 13 start: 812500002, end: 875000001
Process 15 start: 937500002, end: 1000000000
Process 6 start: 375000002, end: 437500001
Process 7 start: 437500002, end: 500000001
Process 10 start: 625000002, end: 687500001
Process 12 start: 750000002, end: 812500001
Process 14 start: 875000002, end: 937500001
Process: 0 largestGap: 220 timeSpent: 77450000
Process: 1 largestGap: 222 timeSpent: 90760000
Process: 2 largestGap: 210 timeSpent: 79280000
Process: 3 largestGap: 248 timeSpent: 75170000
Process: 4 largestGap: 234 timeSpent: 82200000
Process: 5 largestGap: 242 timeSpent: 82800000
Process: 6 largestGap: 282 timeSpent: 83600000
Process: 7 largestGap: 248 timeSpent: 77090000
Process: 8 largestGap: 250 timeSpent: 75170000
Process: 9 largestGap: 242 timeSpent: 80400000
Process: 10 largestGap: 276 timeSpent: 77290000
Process: 11 largestGap: 250 timeSpent: 79740000
Process: 12 largestGap: 244 timeSpent: 76580000
Process: 13 largestGap: 246 timeSpent: 74240000
Process: 14 largestGap: 236 timeSpent: 77760000
Process: 15 largestGap: 260 timeSpent: 76250000


Largest gap overall: 282
--- SharcNET Job Epilogue ---
Job completed successfully.
               jobid: 613502
         exit status: 0
      allocated time: 1497.1027
           user time: 1285.83
         system time: 7.29
peak rss=1073741824; peak vsz=1791987712 (bytes)
atime=1497.1027; utime=1285.83; stime=7.29; exit=0
Process 4 start: 250000002, end: 312500001
Process 6 start: 375000002, end: 437500001
Process 8 start: 500000002, end: 562500001
Process 9 start: 562500002, end: 625000001
Process 10 start: 625000002, end: 687500001
Process 12 start: 750000002, end: 812500001
Process 13 start: 812500002, end: 875000001
Process 14 start: 875000002, end: 937500001
Process 0 start: 2, end: 62500001
Process 2 start: 125000002, end: 187500001
Process 15 start: 937500002, end: 1000000000
Process 1 start: 62500002, end: 125000001
Process 3 start: 187500002, end: 250000001
Process 5 start: 312500002, end: 375000001
Process 7 start: 437500002, end: 500000001
Process 11 start: 687500002, end: 750000001
Process: 0 largestGap: 220 timeSpent: 100820000
Process: 1 largestGap: 222 timeSpent: 82330000
Process: 2 largestGap: 210 timeSpent: 84650000
Process: 3 largestGap: 248 timeSpent: 91550000
Process: 4 largestGap: 234 timeSpent: 87320000
Process: 5 largestGap: 242 timeSpent: 81250000
Process: 6 largestGap: 282 timeSpent: 81210000
Process: 7 largestGap: 248 timeSpent: 73000000
Process: 8 largestGap: 250 timeSpent: 92870000
Process: 9 largestGap: 242 timeSpent: 83640000
Process: 10 largestGap: 276 timeSpent: 88860000
Process: 11 largestGap: 250 timeSpent: 92630000
Process: 12 largestGap: 244 timeSpent: 91540000
Process: 13 largestGap: 246 timeSpent: 89630000
Process: 14 largestGap: 236 timeSpent: 82650000
Process: 15 largestGap: 260 timeSpent: 84900000


Largest gap overall: 282
--- SharcNET Job Epilogue ---
Job completed successfully.
               jobid: 613523
         exit status: 0
      allocated time: 1650.835
           user time: 1398.28
         system time: 6.35
peak rss=1073741824; peak vsz=1791807488 (bytes)
atime=1650.835; utime=1398.28; stime=6.35; exit=0
