Process 0 start: 2, end: 41666668
Process 1 start: 41666669, end: 83333335
Process 2 start: 83333336, end: 125000002
Process 5 start: 208333337, end: 250000003
Process 17 start: 708333339, end: 750000004
Process 18 start: 750000005, end: 791666670
Process 21 start: 875000003, end: 916666668
Process 22 start: 916666669, end: 958333334
Process 6 start: 250000004, end: 291666670
Process 15 start: 625000007, end: 666666672
Process 16 start: 666666673, end: 708333338
Process 19 start: 791666671, end: 833333336
Process 20 start: 833333337, end: 875000002
Process 3 start: 125000003, end: 166666669
Process 4 start: 166666670, end: 208333336
Process 7 start: 291666671, end: 333333337
Process 9 start: 375000005, end: 416666671
Process 10 start: 416666672, end: 458333338
Process 12 start: 500000006, end: 541666672
Process 13 start: 541666673, end: 583333339
Process 14 start: 583333340, end: 625000006
Process 8 start: 333333338, end: 375000004
Process 11 start: 458333339, end: 500000005
Process 23 start: 958333335, end: 1000000000
Process: 0 largestGap: 210 timeSpent: 62590000
Process: 1 largestGap: 220 timeSpent: 59020000
Process: 2 largestGap: 222 timeSpent: 56380000
Process: 3 largestGap: 210 timeSpent: 62960000
Process: 4 largestGap: 248 timeSpent: 62870000
Process: 5 largestGap: 236 timeSpent: 60950000
Process: 6 largestGap: 234 timeSpent: 63790000
Process: 7 largestGap: 222 timeSpent: 62070000
Process: 8 largestGap: 242 timeSpent: 55680000
Process: 9 largestGap: 250 timeSpent: 55250000
Process: 10 largestGap: 282 timeSpent: 60550000
Process: 11 largestGap: 248 timeSpent: 61370000
Process: 12 largestGap: 250 timeSpent: 51740000
Process: 13 largestGap: 246 timeSpent: 55170000
Process: 14 largestGap: 242 timeSpent: 64860000
Process: 15 largestGap: 276 timeSpent: 64180000
Process: 16 largestGap: 246 timeSpent: 62720000
Process: 17 largestGap: 250 timeSpent: 62790000
Process: 18 largestGap: 244 timeSpent: 57850000
Process: 19 largestGap: 236 timeSpent: 57810000
Process: 20 largestGap: 246 timeSpent: 52410000
Process: 21 largestGap: 228 timeSpent: 57260000
Process: 22 largestGap: 260 timeSpent: 53770000
Process: 23 largestGap: 242 timeSpent: 56930000


Largest gap overall: 282
--- SharcNET Job Epilogue ---
Job completed successfully.
               jobid: 613505
         exit status: 0
      allocated time: 1613.3615
           user time: 1459.19
         system time: 7.04
peak rss=1073741824; peak vsz=1867005952 (bytes)
atime=1613.3615; utime=1459.19; stime=7.04; exit=0
Process 0 start: 2, end: 41666668
Process 1 start: 41666669, end: 83333335
Process 3 start: 125000003, end: 166666669
Process 9 start: 375000005, end: 416666671
Process 16 start: 666666673, end: 708333338
Process 17 start: 708333339, end: 750000004
Process 4 start: 166666670, end: 208333336
Process 14 start: 583333340, end: 625000006
Process 15 start: 625000007, end: 666666672
Process 18 start: 750000005, end: 791666670
Process 19 start: 791666671, end: 833333336
Process 20 start: 833333337, end: 875000002
Process 21 start: 875000003, end: 916666668
Process 22 start: 916666669, end: 958333334
Process 23 start: 958333335, end: 1000000000
Process 2 start: 83333336, end: 125000002
Process 5 start: 208333337, end: 250000003
Process 6 start: 250000004, end: 291666670
Process 7 start: 291666671, end: 333333337
Process 8 start: 333333338, end: 375000004
Process 11 start: 458333339, end: 500000005
Process 12 start: 500000006, end: 541666672
Process 13 start: 541666673, end: 583333339
Process 10 start: 416666672, end: 458333338
Process: 0 largestGap: 210 timeSpent: 58330000
Process: 1 largestGap: 220 timeSpent: 56320000
Process: 2 largestGap: 222 timeSpent: 64040000
Process: 3 largestGap: 210 timeSpent: 63590000
Process: 4 largestGap: 248 timeSpent: 59250000
Process: 5 largestGap: 236 timeSpent: 63090000
Process: 6 largestGap: 234 timeSpent: 56620000
Process: 7 largestGap: 222 timeSpent: 63240000
Process: 8 largestGap: 242 timeSpent: 63140000
Process: 9 largestGap: 250 timeSpent: 60180000
Process: 10 largestGap: 282 timeSpent: 51100000
Process: 11 largestGap: 248 timeSpent: 59020000
Process: 12 largestGap: 250 timeSpent: 61670000
Process: 13 largestGap: 246 timeSpent: 60550000
Process: 14 largestGap: 242 timeSpent: 60110000
Process: 15 largestGap: 276 timeSpent: 62690000
Process: 16 largestGap: 246 timeSpent: 59220000
Process: 17 largestGap: 250 timeSpent: 62900000
Process: 18 largestGap: 244 timeSpent: 61910000
Process: 19 largestGap: 236 timeSpent: 59970000
Process: 20 largestGap: 246 timeSpent: 55330000
Process: 21 largestGap: 228 timeSpent: 61300000
Process: 22 largestGap: 260 timeSpent: 63590000
Process: 23 largestGap: 242 timeSpent: 55370000


Largest gap overall: 282
--- SharcNET Job Epilogue ---
Job completed successfully.
               jobid: 613525
         exit status: 0
      allocated time: 1596.2641
           user time: 1478.37
         system time: 9.48
peak rss=1073741824; peak vsz=1866579968 (bytes)
atime=1596.2641; utime=1478.37; stime=9.48; exit=0
