Process 25 start: 781250002, end: 812500001
Process 26 start: 812500002, end: 843750001
Process 28 start: 875000002, end: 906250001
Process 30 start: 937500002, end: 968750001
Process 0 start: 2, end: 31250001
Process 1 start: 31250002, end: 62500001
Process 2 start: 62500002, end: 93750001
Process 4 start: 125000002, end: 156250001
Process 5 start: 156250002, end: 187500001
Process 6 start: 187500002, end: 218750001
Process 9 start: 281250002, end: 312500001
Process 10 start: 312500002, end: 343750001
Process 12 start: 375000002, end: 406250001
Process 13 start: 406250002, end: 437500001
Process 14 start: 437500002, end: 468750001
Process 16 start: 500000002, end: 531250001
Process 17 start: 531250002, end: 562500001
Process 18 start: 562500002, end: 593750001
Process 21 start: 656250002, end: 687500001
Process 22 start: 687500002, end: 718750001
Process 29 start: 906250002, end: 937500001
Process 20 start: 625000002, end: 656250001
Process 8 start: 250000002, end: 281250001
Process 24 start: 750000002, end: 781250001
Process 23 start: 718750002, end: 750000001
Process 27 start: 843750002, end: 875000001
Process 31 start: 968750002, end: 1000000000
Process 3 start: 93750002, end: 125000001
Process 7 start: 218750002, end: 250000001
Process 11 start: 343750002, end: 375000001
Process 15 start: 468750002, end: 500000001
Process 19 start: 593750002, end: 625000001
Process: 0 largestGap: 210 timeSpent: 50070000
Process: 1 largestGap: 220 timeSpent: 49210000
Process: 2 largestGap: 210 timeSpent: 48910000
Process: 3 largestGap: 222 timeSpent: 48300000
Process: 4 largestGap: 204 timeSpent: 48440000
Process: 5 largestGap: 210 timeSpent: 48980000
Process: 6 largestGap: 248 timeSpent: 47720000
Process: 7 largestGap: 210 timeSpent: 47800000
Process: 8 largestGap: 214 timeSpent: 48820000
Process: 9 largestGap: 234 timeSpent: 49870000
Process: 10 largestGap: 222 timeSpent: 49580000
Process: 11 largestGap: 242 timeSpent: 47910000
Process: 12 largestGap: 250 timeSpent: 48190000
Process: 13 largestGap: 282 timeSpent: 47910000
Process: 14 largestGap: 234 timeSpent: 48810000
Process: 15 largestGap: 248 timeSpent: 47250000
Process: 16 largestGap: 250 timeSpent: 47290000
Process: 17 largestGap: 246 timeSpent: 48910000
Process: 18 largestGap: 242 timeSpent: 49510000
Process: 19 largestGap: 230 timeSpent: 48980000
Process: 20 largestGap: 276 timeSpent: 49060000
Process: 21 largestGap: 238 timeSpent: 47760000
Process: 22 largestGap: 250 timeSpent: 47320000
Process: 23 largestGap: 240 timeSpent: 47380000
Process: 24 largestGap: 234 timeSpent: 47870000
Process: 25 largestGap: 244 timeSpent: 47460000
Process: 26 largestGap: 234 timeSpent: 46760000
Process: 27 largestGap: 246 timeSpent: 47960000
Process: 28 largestGap: 228 timeSpent: 48440000
Process: 29 largestGap: 236 timeSpent: 48130000
Process: 30 largestGap: 260 timeSpent: 47060000
Process: 31 largestGap: 240 timeSpent: 46450000


Largest gap overall: 282
--- SharcNET Job Epilogue ---
Job completed successfully.
               jobid: 613458
         exit status: 0
      allocated time: 1740.8496
           user time: 1549.64
         system time: 13.34
peak rss=1073741824; peak vsz=1940942848 (bytes)
atime=1740.8496; utime=1549.64; stime=13.34; exit=0
Process 2 start: 62500002, end: 93750001
Process 4 start: 125000002, end: 156250001
Process 12 start: 375000002, end: 406250001
Process 16 start: 500000002, end: 531250001
Process 28 start: 875000002, end: 906250001
Process 0 start: 2, end: 31250001
Process 8 start: 250000002, end: 281250001
Process 18 start: 562500002, end: 593750001
Process 24 start: 750000002, end: 781250001
Process 1 start: 31250002, end: 62500001
Process 3 start: 93750002, end: 125000001
Process 5 start: 156250002, end: 187500001
Process 7 start: 218750002, end: 250000001
Process 9 start: 281250002, end: 312500001
Process 15 start: 468750002, end: 500000001
Process 17 start: 531250002, end: 562500001
Process 19 start: 593750002, end: 625000001
Process 21 start: 656250002, end: 687500001
Process 23 start: 718750002, end: 750000001
Process 31 start: 968750002, end: 1000000000
Process 25 start: 781250002, end: 812500001
Process 13 start: 406250002, end: 437500001
Process 20 start: 625000002, end: 656250001
Process 27 start: 843750002, end: 875000001
Process 11 start: 343750002, end: 375000001
Process 10 start: 312500002, end: 343750001
Process 26 start: 812500002, end: 843750001
Process 29 start: 906250002, end: 937500001
Process 14 start: 437500002, end: 468750001
Process 22 start: 687500002, end: 718750001
Process 30 start: 937500002, end: 968750001
Process 6 start: 187500002, end: 218750001
Process: 0 largestGap: 210 timeSpent: 51760000
Process: 1 largestGap: 220 timeSpent: 50410000
Process: 2 largestGap: 210 timeSpent: 49300000
Process: 3 largestGap: 222 timeSpent: 49270000
Process: 4 largestGap: 204 timeSpent: 52570000
Process: 5 largestGap: 210 timeSpent: 49980000
Process: 6 largestGap: 248 timeSpent: 48720000
Process: 7 largestGap: 210 timeSpent: 48980000
Process: 8 largestGap: 214 timeSpent: 49140000
Process: 9 largestGap: 234 timeSpent: 51030000
Process: 10 largestGap: 222 timeSpent: 50010000
Process: 11 largestGap: 242 timeSpent: 47430000
Process: 12 largestGap: 250 timeSpent: 48810000
Process: 13 largestGap: 282 timeSpent: 49330000
Process: 14 largestGap: 234 timeSpent: 49570000
Process: 15 largestGap: 248 timeSpent: 48050000
Process: 16 largestGap: 250 timeSpent: 47850000
Process: 17 largestGap: 246 timeSpent: 49980000
Process: 18 largestGap: 242 timeSpent: 49500000
Process: 19 largestGap: 230 timeSpent: 50980000
Process: 20 largestGap: 276 timeSpent: 50090000
Process: 21 largestGap: 238 timeSpent: 49110000
Process: 22 largestGap: 250 timeSpent: 48370000
Process: 23 largestGap: 240 timeSpent: 48860000
Process: 24 largestGap: 234 timeSpent: 48730000
Process: 25 largestGap: 244 timeSpent: 47040000
Process: 26 largestGap: 234 timeSpent: 48350000
Process: 27 largestGap: 246 timeSpent: 49270000
Process: 28 largestGap: 228 timeSpent: 49550000
Process: 29 largestGap: 236 timeSpent: 49070000
Process: 30 largestGap: 260 timeSpent: 47830000
Process: 31 largestGap: 240 timeSpent: 48250000


Largest gap overall: 282
--- SharcNET Job Epilogue ---
Job completed successfully.
               jobid: 613507
         exit status: 0
      allocated time: 1806.3095
           user time: 1586.19
         system time: 14.6
peak rss=1073741824; peak vsz=1941790720 (bytes)
atime=1806.3095; utime=1586.19; stime=14.6; exit=0
Process 0 start: 2, end: 31250001
Process 1 start: 31250002, end: 62500001
Process 2 start: 62500002, end: 93750001
Process 3 start: 93750002, end: 125000001
Process 6 start: 187500002, end: 218750001
Process 7 start: 218750002, end: 250000001
Process 8 start: 250000002, end: 281250001
Process 10 start: 312500002, end: 343750001
Process 11 start: 343750002, end: 375000001
Process 14 start: 437500002, end: 468750001
Process 15 start: 468750002, end: 500000001
Process 16 start: 500000002, end: 531250001
Process 17 start: 531250002, end: 562500001
Process 18 start: 562500002, end: 593750001
Process 22 start: 687500002, end: 718750001
Process 23 start: 718750002, end: 750000001
Process 24 start: 750000002, end: 781250001
Process 27 start: 843750002, end: 875000001
Process 5 start: 156250002, end: 187500001
Process 13 start: 406250002, end: 437500001
Process 19 start: 593750002, end: 625000001
Process 21 start: 656250002, end: 687500001
Process 29 start: 906250002, end: 937500001
Process 25 start: 781250002, end: 812500001
Process 30 start: 937500002, end: 968750001
Process 4 start: 125000002, end: 156250001
Process 9 start: 281250002, end: 312500001
Process 12 start: 375000002, end: 406250001
Process 20 start: 625000002, end: 656250001
Process 31 start: 968750002, end: 1000000000
Process 26 start: 812500002, end: 843750001
Process 28 start: 875000002, end: 906250001
Process: 0 largestGap: 210 timeSpent: 51190000
Process: 1 largestGap: 220 timeSpent: 50560000
Process: 2 largestGap: 210 timeSpent: 49880000
Process: 3 largestGap: 222 timeSpent: 49600000
Process: 4 largestGap: 204 timeSpent: 49850000
Process: 5 largestGap: 210 timeSpent: 49620000
Process: 6 largestGap: 248 timeSpent: 49470000
Process: 7 largestGap: 210 timeSpent: 49330000
Process: 8 largestGap: 214 timeSpent: 49450000
Process: 9 largestGap: 234 timeSpent: 50610000
Process: 10 largestGap: 222 timeSpent: 50090000
Process: 11 largestGap: 242 timeSpent: 49200000
Process: 12 largestGap: 250 timeSpent: 49940000
Process: 13 largestGap: 282 timeSpent: 49440000
Process: 14 largestGap: 234 timeSpent: 48910000
Process: 15 largestGap: 248 timeSpent: 47530000
Process: 16 largestGap: 250 timeSpent: 48270000
Process: 17 largestGap: 246 timeSpent: 50130000
Process: 18 largestGap: 242 timeSpent: 50720000
Process: 19 largestGap: 230 timeSpent: 50260000
Process: 20 largestGap: 276 timeSpent: 50450000
Process: 21 largestGap: 238 timeSpent: 49700000
Process: 22 largestGap: 250 timeSpent: 48840000
Process: 23 largestGap: 240 timeSpent: 48820000
Process: 24 largestGap: 234 timeSpent: 49040000
Process: 25 largestGap: 244 timeSpent: 48900000
Process: 26 largestGap: 234 timeSpent: 48340000
Process: 27 largestGap: 246 timeSpent: 49190000
Process: 28 largestGap: 228 timeSpent: 49340000
Process: 29 largestGap: 236 timeSpent: 49270000
Process: 30 largestGap: 260 timeSpent: 48100000
Process: 31 largestGap: 240 timeSpent: 48080000


Largest gap overall: 282
--- SharcNET Job Epilogue ---
Job completed successfully.
               jobid: 613527
         exit status: 0
      allocated time: 1775.9978
           user time: 1584.26
         system time: 18.67
peak rss=1073741824; peak vsz=1941684224 (bytes)
atime=1775.9978; utime=1584.26; stime=18.67; exit=0
