Process 16 start: 800000002, end: 850000001
Process 17 start: 850000002, end: 900000001
Process 0 start: 2, end: 50000001
Process 1 start: 50000002, end: 100000001
Process 2 start: 100000002, end: 150000001
Process 3 start: 150000002, end: 200000001
Process 4 start: 200000002, end: 250000001
Process 5 start: 250000002, end: 300000001
Process 6 start: 300000002, end: 350000001
Process 7 start: 350000002, end: 400000001
Process 8 start: 400000002, end: 450000001
Process 9 start: 450000002, end: 500000001
Process 10 start: 500000002, end: 550000001
Process 11 start: 550000002, end: 600000001
Process 12 start: 600000002, end: 650000001
Process 14 start: 700000002, end: 750000001
Process 15 start: 750000002, end: 800000001
Process 18 start: 900000002, end: 950000001
Process 13 start: 650000002, end: 700000001
Process 19 start: 950000002, end: 1000000000
Process: 0 largestGap: 220 timeSpent: 67250000
Process: 1 largestGap: 210 timeSpent: 74470000
Process: 2 largestGap: 222 timeSpent: 74210000
Process: 3 largestGap: 248 timeSpent: 70680000
Process: 4 largestGap: 236 timeSpent: 65130000
Process: 5 largestGap: 234 timeSpent: 66710000
Process: 6 largestGap: 222 timeSpent: 65330000
Process: 7 largestGap: 250 timeSpent: 72790000
Process: 8 largestGap: 282 timeSpent: 71380000
Process: 9 largestGap: 248 timeSpent: 65870000
Process: 10 largestGap: 250 timeSpent: 66950000
Process: 11 largestGap: 246 timeSpent: 63970000
Process: 12 largestGap: 276 timeSpent: 69530000
Process: 13 largestGap: 246 timeSpent: 66640000
Process: 14 largestGap: 250 timeSpent: 69480000
Process: 15 largestGap: 244 timeSpent: 63030000
Process: 16 largestGap: 246 timeSpent: 71070000
Process: 17 largestGap: 246 timeSpent: 74000000
Process: 18 largestGap: 260 timeSpent: 72770000
Process: 19 largestGap: 242 timeSpent: 62330000


Largest gap overall: 282
--- SharcNET Job Epilogue ---
Job completed successfully.
               jobid: 613504
         exit status: 0
      allocated time: 1574.8104
           user time: 1398.73
         system time: 11.32
peak rss=1073741824; peak vsz=1829326848 (bytes)
atime=1574.8104; utime=1398.73; stime=11.32; exit=0
Process 17 start: 850000002, end: 900000001
Process 0 start: 2, end: 50000001
Process 1 start: 50000002, end: 100000001
Process 4 start: 200000002, end: 250000001
Process 5 start: 250000002, end: 300000001
Process 9 start: 450000002, end: 500000001
Process 2 start: 100000002, end: 150000001
Process 3 start: 150000002, end: 200000001
Process 8 start: 400000002, end: 450000001
Process 10 start: 500000002, end: 550000001
Process 12 start: 600000002, end: 650000001
Process 13 start: 650000002, end: 700000001
Process 16 start: 800000002, end: 850000001
Process 18 start: 900000002, end: 950000001
Process 11 start: 550000002, end: 600000001
Process 19 start: 950000002, end: 1000000000
Process 6 start: 300000002, end: 350000001
Process 14 start: 700000002, end: 750000001
Process 7 start: 350000002, end: 400000001
Process 15 start: 750000002, end: 800000001
Process: 0 largestGap: 220 timeSpent: 74170000
Process: 1 largestGap: 210 timeSpent: 66530000
Process: 2 largestGap: 222 timeSpent: 64110000
Process: 3 largestGap: 248 timeSpent: 67090000
Process: 4 largestGap: 236 timeSpent: 70140000
Process: 5 largestGap: 234 timeSpent: 74310000
Process: 6 largestGap: 222 timeSpent: 73840000
Process: 7 largestGap: 250 timeSpent: 70670000
Process: 8 largestGap: 282 timeSpent: 65060000
Process: 9 largestGap: 248 timeSpent: 66850000
Process: 10 largestGap: 250 timeSpent: 62040000
Process: 11 largestGap: 246 timeSpent: 75420000
Process: 12 largestGap: 276 timeSpent: 65550000
Process: 13 largestGap: 246 timeSpent: 67760000
Process: 14 largestGap: 250 timeSpent: 67090000
Process: 15 largestGap: 244 timeSpent: 66480000
Process: 16 largestGap: 246 timeSpent: 74540000
Process: 17 largestGap: 246 timeSpent: 63940000
Process: 18 largestGap: 260 timeSpent: 72680000
Process: 19 largestGap: 242 timeSpent: 69090000


Largest gap overall: 282
--- SharcNET Job Epilogue ---
Job completed successfully.
               jobid: 613524
         exit status: 0
      allocated time: 1553.7647
           user time: 1407.63
         system time: 8.73
peak rss=1073741824; peak vsz=1829228544 (bytes)
atime=1553.7647; utime=1407.63; stime=8.73; exit=0
