Process 4 start: 500000002, end: 625000001
Process 5 start: 625000002, end: 750000001
Process 6 start: 750000002, end: 875000001
Process 0 start: 2, end: 125000001
Process 1 start: 125000002, end: 250000001
Process 2 start: 250000002, end: 375000001
Process 3 start: 375000002, end: 500000001
Process 7 start: 875000002, end: 1000000000
Process: 0 largestGap: 222 timeSpent: 153410000
Process: 1 largestGap: 248 timeSpent: 148640000
Process: 2 largestGap: 242 timeSpent: 155250000
Process: 3 largestGap: 282 timeSpent: 146550000
Process: 4 largestGap: 250 timeSpent: 151800000
Process: 5 largestGap: 276 timeSpent: 152340000
Process: 6 largestGap: 246 timeSpent: 146550000
Process: 7 largestGap: 260 timeSpent: 148470000


Largest gap overall: 282
--- SharcNET Job Epilogue ---
Job completed successfully.
               jobid: 613500
         exit status: 0
      allocated time: 1258.567
           user time: 1201.89
         system time: 4.62
peak rss=1073741824; peak vsz=1717403648 (bytes)
atime=1258.567; utime=1201.89; stime=4.62; exit=0
Process 0 start: 2, end: 125000001
Process 1 start: 125000002, end: 250000001
Process 2 start: 250000002, end: 375000001
Process 3 start: 375000002, end: 500000001
Process 5 start: 625000002, end: 750000001
Process 6 start: 750000002, end: 875000001
Process 7 start: 875000002, end: 1000000000
Process 4 start: 500000002, end: 625000001
Process: 0 largestGap: 222 timeSpent: 153650000
Process: 1 largestGap: 248 timeSpent: 149840000
Process: 2 largestGap: 242 timeSpent: 152950000
Process: 3 largestGap: 282 timeSpent: 149010000
Process: 4 largestGap: 250 timeSpent: 151710000
Process: 5 largestGap: 276 timeSpent: 148680000
Process: 6 largestGap: 246 timeSpent: 145980000
Process: 7 largestGap: 260 timeSpent: 144550000


Largest gap overall: 282
--- SharcNET Job Epilogue ---
Job completed successfully.
               jobid: 613521
         exit status: 0
      allocated time: 1248.21
           user time: 1193.28
         system time: 5.06
peak rss=1073741824; peak vsz=1717477376 (bytes)
atime=1248.21; utime=1193.28; stime=5.06; exit=0
